2008-05-27 19:55:12 Debug: [Individual test case: libs/debugger.test.php, DebuggerTest::testLog()]
array(
	"whatever",
	"here"
)
2008-06-02 22:00:04 Notice: Notice (8): Undefined variable: sql in [CORE/cake/tests/cases/libs/model/datasources/dbo_source.test.php, line 1178]
2008-06-02 22:00:32 Notice: Notice (8): Undefined variable: sql in [CORE/cake/tests/cases/libs/model/datasources/dbo_source.test.php, line 1178]
2008-07-01 20:08:58 Notice: Notice (8): Undefined variable: html in [CORE/cake/libs/view/layouts/default.ctp, line 30]
2008-07-01 20:09:20 Notice: Notice (8): Undefined variable: html in [CORE/cake/libs/view/layouts/default.ctp, line 30]
2008-07-01 20:09:45 Notice: Notice (8): Undefined variable: html in [CORE/cake/libs/view/layouts/default.ctp, line 30]
2008-07-05 16:24:50 Notice: Notice (8): Undefined index:  Group in [APP/models/user.php, line 42]
2008-07-05 16:27:12 Notice: Notice (8): Undefined index:  Group in [APP/models/user.php, line 42]
2008-07-05 16:32:46 Notice: Notice (8): Undefined variable: data in [APP/models/user.php, line 40]
2008-07-05 16:33:29 Notice: Notice (8): Undefined variable: data in [APP/models/user.php, line 40]
2008-07-05 16:34:49 Notice: Notice (8): Undefined variable: data in [APP/controllers/users_controller.php, line 26]
2008-07-05 16:34:49 Notice: Notice (8): Undefined variable: type in [APP/controllers/users_controller.php, line 27]
2008-07-05 16:34:55 Notice: Notice (8): Undefined variable: type in [APP/controllers/users_controller.php, line 27]
2008-07-05 16:35:46 Notice: Notice (8): Undefined variable: data in [APP/models/user.php, line 40]
2008-07-05 16:35:46 Notice: Notice (8): Undefined variable: data in [APP/models/user.php, line 41]
2008-07-05 16:36:03 Notice: Notice (8): Undefined index:  Group in [APP/models/user.php, line 42]
2008-07-05 16:59:12 Notice: Notice (8): Undefined index:  Aro in [CORE/cake/libs/model/db_acl.php, line 160]
2008-07-05 17:07:43 Notice: Notice (8): Undefined index:  id in [CORE/cake/libs/model/db_acl.php, line 160]
2008-07-06 11:55:45 Notice: Notice (8): Undefined variable: controllers in [APP/app_controller.php, line 24]
2008-07-06 12:09:48 Notice: Notice (8): Undefined variable: allControllers in [APP/app_controller.php, line 33]
2008-07-06 12:19:35 Notice: Notice (8): Undefined variable: Folder in [APP/app_controller.php, line 32]
2008-07-06 12:35:39 Notice: Notice (8): Undefined offset:  0 in [APP/app_controller.php, line 54]
2008-07-06 12:35:39 Notice: Notice (8): Undefined offset:  0 in [APP/app_controller.php, line 72]
2008-07-06 12:37:19 Notice: Notice (8): Undefined offset:  0 in [APP/app_controller.php, line 32]
2008-07-06 12:37:19 Notice: Notice (8): Undefined offset:  0 in [APP/app_controller.php, line 55]
2008-07-06 12:37:19 Notice: Notice (8): Undefined offset:  0 in [APP/app_controller.php, line 73]
2008-07-06 12:38:41 Notice: Notice (8): Undefined index:  id in [APP/app_controller.php, line 53]
2008-07-06 12:38:41 Notice: Notice (8): Undefined index:  id in [APP/app_controller.php, line 72]
2008-07-06 12:39:55 Notice: Notice (8): Trying to get property of non-object in [APP/app_controller.php, line 30]
2008-07-06 13:46:12 Notice: Notice (8): Array to string conversion in [CORE/cake/libs/inflector.php, line 356]
2008-07-06 13:46:12 Notice: Notice (8): Array to string conversion in [CORE/cake/libs/router.php, line 918]
2008-07-06 13:46:12 Notice: Notice (8): Array to string conversion in [CORE/cake/libs/router.php, line 1051]
